<?xml version="1.0" encoding="UTF-8"?>
<testng-results ignored="0" total="1" passed="1" failed="0" skipped="0">
  <reporter-output>
  </reporter-output>
  <suite started-at="2023-06-15T13:49:02 IST" name="Suite" finished-at="2023-06-15T13:49:16 IST" duration-ms="14526">
    <groups>
      <group name="smoke">
        <method signature="REOPEN_test.REOPEN()[pri:0, instance:com.USER_LOGIN_testcases.REOPEN_test@6aeb35e6]" name="REOPEN" class="com.USER_LOGIN_testcases.REOPEN_test"/>
      </group> <!-- smoke -->
    </groups>
    <test started-at="2023-06-15T13:49:02 IST" name="Test" finished-at="2023-06-15T13:49:16 IST" duration-ms="14526">
      <class name="com.USER_LOGIN_testcases.REOPEN_test">
        <test-method is-config="true" signature="launchbrowser1()[pri:0, instance:com.USER_LOGIN_testcases.REOPEN_test@6aeb35e6]" started-at="2023-06-15T13:49:01 IST" name="launchbrowser1" finished-at="2023-06-15T13:49:02 IST" duration-ms="446" status="PASS">
          <reporter-output>
          </reporter-output>
        </test-method> <!-- launchbrowser1 -->
        <test-method is-config="true" signature="setup(java.lang.String)[pri:0, instance:com.USER_LOGIN_testcases.REOPEN_test@6aeb35e6]" started-at="2023-06-15T13:49:02 IST" name="setup" finished-at="2023-06-15T13:49:13 IST" duration-ms="11451" status="PASS">
          <params>
            <param index="0">
              <value>
                <![CDATA[chrome]]>
              </value>
            </param>
          </params>
          <reporter-output>
          </reporter-output>
        </test-method> <!-- setup -->
        <test-method signature="REOPEN()[pri:0, instance:com.USER_LOGIN_testcases.REOPEN_test@6aeb35e6]" started-at="2023-06-15T13:49:13 IST" name="REOPEN" finished-at="2023-06-15T13:49:15 IST" duration-ms="2181" status="PASS">
          <reporter-output>
          </reporter-output>
        </test-method> <!-- REOPEN -->
        <test-method is-config="true" signature="teardown()[pri:0, instance:com.USER_LOGIN_testcases.REOPEN_test@6aeb35e6]" started-at="2023-06-15T13:49:15 IST" name="teardown" finished-at="2023-06-15T13:49:16 IST" duration-ms="852" status="PASS">
          <reporter-output>
          </reporter-output>
        </test-method> <!-- teardown -->
        <test-method is-config="true" signature="aftersuite()[pri:0, instance:com.USER_LOGIN_testcases.REOPEN_test@6aeb35e6]" started-at="2023-06-15T13:49:16 IST" name="aftersuite" finished-at="2023-06-15T13:49:16 IST" duration-ms="436" status="PASS">
          <reporter-output>
          </reporter-output>
        </test-method> <!-- aftersuite -->
      </class> <!-- com.USER_LOGIN_testcases.REOPEN_test -->
    </test> <!-- Test -->
  </suite> <!-- Suite -->
</testng-results>
