<?xml version="1.0" encoding="UTF-8"?>
<!-- Generated by org.testng.reporters.JUnitXMLReporter -->
<testsuite ignored="12" hostname="DT0868" failures="0" tests="3" name="sanity" time="7.307" errors="0" timestamp="2023-05-19T16:30:45 IST">
  <testcase classname="com.testcases.TICKETSCREATIONtest" name="@BeforeMethod setup" time="4.594">
    <failure type="java.lang.NumberFormatException" message="Cannot parse null string">
      <![CDATA[java.lang.NumberFormatException: Cannot parse null string
at java.base/java.lang.Integer.parseInt(Integer.java:627)
at java.base/java.lang.Integer.parseInt(Integer.java:781)
at com.base.BASEclass.launchbrowser(BASEclass.java:144)
at com.testcases.TICKETSCREATIONtest.setup(TICKETSCREATIONtest.java:21)
at java.base/java.util.ArrayList.forEach(ArrayList.java:1511)
... Removed 29 stack frames]]>
    </failure>
  </testcase> <!-- @BeforeMethod setup -->
  <testcase classname="com.testcases.TICKETSCREATIONtest" name="@AfterMethod teardown" time="-1.684494042522E9">
    <skipped/>
  </testcase> <!-- @AfterMethod teardown -->
  <testcase classname="com.testcases.LOGINPAGEtest" name="@BeforeMethod setup" time="1.296">
    <failure type="java.lang.NumberFormatException" message="Cannot parse null string">
      <![CDATA[java.lang.NumberFormatException: Cannot parse null string
at java.base/java.lang.Integer.parseInt(Integer.java:627)
at java.base/java.lang.Integer.parseInt(Integer.java:781)
at com.base.BASEclass.launchbrowser(BASEclass.java:144)
at com.testcases.LOGINPAGEtest.setup(LOGINPAGEtest.java:22)
at java.base/java.util.ArrayList.forEach(ArrayList.java:1511)
... Removed 29 stack frames]]>
    </failure>
  </testcase> <!-- @BeforeMethod setup -->
  <testcase classname="com.testcases.LOGINPAGEtest" name="@AfterMethod teardown" time="-1.68449404383E9">
    <skipped/>
  </testcase> <!-- @AfterMethod teardown -->
  <testcase classname="com.testcases.NEXTPAGEtest" name="@BeforeMethod setup" time="1.342">
    <failure type="java.lang.NumberFormatException" message="Cannot parse null string">
      <![CDATA[java.lang.NumberFormatException: Cannot parse null string
at java.base/java.lang.Integer.parseInt(Integer.java:627)
at java.base/java.lang.Integer.parseInt(Integer.java:781)
at com.base.BASEclass.launchbrowser(BASEclass.java:144)
at com.testcases.NEXTPAGEtest.setup(NEXTPAGEtest.java:19)
at java.base/java.util.ArrayList.forEach(ArrayList.java:1511)
... Removed 29 stack frames]]>
    </failure>
  </testcase> <!-- @BeforeMethod setup -->
  <testcase classname="com.testcases.NEXTPAGEtest" name="@AfterMethod teardown" time="-1.68449404518E9">
    <skipped/>
  </testcase> <!-- @AfterMethod teardown -->
  <testcase classname="com.testcases.TICKETSCREATIONtest" name="ticketscreation" time="0.0">
    <skipped/>
  </testcase> <!-- ticketscreation -->
  <testcase classname="com.testcases.LOGINPAGEtest" name="logintest" time="0.0">
    <skipped/>
  </testcase> <!-- logintest -->
  <testcase classname="com.testcases.NEXTPAGEtest" name="searchtest" time="0.0">
    <skipped/>
  </testcase> <!-- searchtest -->
  <testcase classname="com.testcases.Homepagetest" name="mylist" time="0.0">
    <ignored/>
  </testcase> <!-- mylist -->
  <testcase classname="com.base.BASEclass" name="@BeforeSuite launchbrowser1" time="0.0">
    <ignored/>
  </testcase> <!-- @BeforeSuite launchbrowser1 -->
  <testcase classname="com.base.BASEclass" name="@BeforeSuite launchbrowser1" time="0.0">
    <ignored/>
  </testcase> <!-- @BeforeSuite launchbrowser1 -->
  <testcase classname="com.base.BASEclass" name="@BeforeSuite launchbrowser1" time="0.0">
    <ignored/>
  </testcase> <!-- @BeforeSuite launchbrowser1 -->
  <testcase classname="com.base.BASEclass" name="@BeforeSuite launchbrowser1" time="0.0">
    <ignored/>
  </testcase> <!-- @BeforeSuite launchbrowser1 -->
  <testcase classname="com.base.BASEclass" name="@BeforeSuite launchbrowser1" time="0.0">
    <ignored/>
  </testcase> <!-- @BeforeSuite launchbrowser1 -->
  <testcase classname="com.base.BASEclass" name="@BeforeSuite launchbrowser1" time="0.0">
    <ignored/>
  </testcase> <!-- @BeforeSuite launchbrowser1 -->
  <testcase classname="com.base.BASEclass" name="@BeforeSuite launchbrowser1" time="0.0">
    <ignored/>
  </testcase> <!-- @BeforeSuite launchbrowser1 -->
  <testcase classname="com.testcases.ENDTOENDTESTING" name="endtoend" time="0.0">
    <ignored/>
  </testcase> <!-- endtoend -->
  <testcase classname="com.testcases.MYprofileeditTEST" name="ticketscreation" time="0.0">
    <ignored/>
  </testcase> <!-- ticketscreation -->
  <testcase classname="com.testcases.SEARCHBUTTONtest" name="searchtest" time="0.0">
    <ignored/>
  </testcase> <!-- searchtest -->
  <testcase classname="com.testcases.STARTandENDtest" name="searchtest" time="0.0">
    <ignored/>
  </testcase> <!-- searchtest -->
</testsuite> <!-- sanity -->
